{"/Users/soobin/soobin-ui/packages/components/index.ts": {"path":"/Users/soobin/soobin-ui/packages/components/index.ts","all":true,"statementMap":{"0":{"start":{"line":1,"column":0},"end":{"line":1,"column":25}}},"s":{"0":0},"branchMap":{"0":{"type":"branch","line":1,"loc":{"start":{"line":1,"column":0},"end":{"line":1,"column":14}},"locations":[{"start":{"line":1,"column":0},"end":{"line":1,"column":14}}]}},"b":{"0":[0]},"fnMap":{"0":{"name":"(empty-report)","decl":{"start":{"line":1,"column":0},"end":{"line":1,"column":14}},"loc":{"start":{"line":1,"column":0},"end":{"line":1,"column":14}},"line":1}},"f":{"0":0}}
,"/Users/soobin/soobin-ui/packages/components/Button/Button.vue": {"path":"/Users/soobin/soobin-ui/packages/components/Button/Button.vue","all":false,"statementMap":{"0":{"start":{"line":1,"column":0},"end":{"line":1,"column":24}},"1":{"start":{"line":2,"column":0},"end":{"line":2,"column":28}},"2":{"start":{"line":3,"column":0},"end":{"line":3,"column":45}},"3":{"start":{"line":4,"column":0},"end":{"line":4,"column":0}},"4":{"start":{"line":5,"column":0},"end":{"line":5,"column":17}},"5":{"start":{"line":6,"column":0},"end":{"line":6,"column":22}},"6":{"start":{"line":7,"column":0},"end":{"line":7,"column":5}},"7":{"start":{"line":8,"column":0},"end":{"line":8,"column":0}},"8":{"start":{"line":9,"column":0},"end":{"line":9,"column":58}},"9":{"start":{"line":10,"column":0},"end":{"line":10,"column":18}},"10":{"start":{"line":11,"column":0},"end":{"line":11,"column":25}},"11":{"start":{"line":12,"column":0},"end":{"line":12,"column":5}},"12":{"start":{"line":13,"column":0},"end":{"line":13,"column":0}},"13":{"start":{"line":14,"column":0},"end":{"line":14,"column":30}},"14":{"start":{"line":15,"column":0},"end":{"line":15,"column":0}},"15":{"start":{"line":16,"column":0},"end":{"line":16,"column":40}},"16":{"start":{"line":17,"column":0},"end":{"line":17,"column":9}},"17":{"start":{"line":18,"column":0},"end":{"line":18,"column":10}},"18":{"start":{"line":19,"column":0},"end":{"line":19,"column":12}},"19":{"start":{"line":20,"column":0},"end":{"line":20,"column":19}},"20":{"start":{"line":21,"column":0},"end":{"line":21,"column":14}},"21":{"start":{"line":22,"column":0},"end":{"line":22,"column":22}},"22":{"start":{"line":23,"column":0},"end":{"line":23,"column":51}},"23":{"start":{"line":24,"column":0},"end":{"line":24,"column":50}},"24":{"start":{"line":25,"column":0},"end":{"line":25,"column":13}},"25":{"start":{"line":26,"column":0},"end":{"line":26,"column":36}},"26":{"start":{"line":27,"column":0},"end":{"line":27,"column":36}},"27":{"start":{"line":28,"column":0},"end":{"line":28,"column":24}},"28":{"start":{"line":29,"column":0},"end":{"line":29,"column":24}},"29":{"start":{"line":30,"column":0},"end":{"line":30,"column":26}},"30":{"start":{"line":31,"column":0},"end":{"line":31,"column":28}},"31":{"start":{"line":32,"column":0},"end":{"line":32,"column":30}},"32":{"start":{"line":33,"column":0},"end":{"line":33,"column":6}},"33":{"start":{"line":34,"column":0},"end":{"line":34,"column":3}},"34":{"start":{"line":35,"column":0},"end":{"line":35,"column":17}},"35":{"start":{"line":36,"column":0},"end":{"line":36,"column":14}},"36":{"start":{"line":37,"column":0},"end":{"line":37,"column":11}}},"s":{"0":1,"1":1,"2":1,"3":1,"4":1,"5":1,"6":1,"7":1,"8":1,"9":1,"10":1,"11":1,"12":1,"13":1,"14":1,"15":1,"16":1,"17":1,"18":1,"19":1,"20":1,"21":1,"22":1,"23":1,"24":1,"25":1,"26":1,"27":1,"28":1,"29":1,"30":1,"31":1,"32":1,"33":1,"34":1,"35":1,"36":1},"branchMap":{"0":{"type":"branch","line":23,"loc":{"start":{"line":23,"column":15},"end":{"line":23,"column":34}},"locations":[{"start":{"line":23,"column":15},"end":{"line":23,"column":34}}]},"1":{"type":"branch","line":23,"loc":{"start":{"line":23,"column":27},"end":{"line":23,"column":51}},"locations":[{"start":{"line":23,"column":27},"end":{"line":23,"column":51}}]},"2":{"type":"branch","line":23,"loc":{"start":{"line":23,"column":34},"end":{"line":23,"column":51}},"locations":[{"start":{"line":23,"column":34},"end":{"line":23,"column":51}}]},"3":{"type":"branch","line":24,"loc":{"start":{"line":24,"column":14},"end":{"line":24,"column":40}},"locations":[{"start":{"line":24,"column":14},"end":{"line":24,"column":40}}]},"4":{"type":"branch","line":24,"loc":{"start":{"line":24,"column":30},"end":{"line":24,"column":50}},"locations":[{"start":{"line":24,"column":30},"end":{"line":24,"column":50}}]},"5":{"type":"branch","line":35,"loc":{"start":{"line":35,"column":4},"end":{"line":35,"column":17}},"locations":[{"start":{"line":35,"column":4},"end":{"line":35,"column":17}}]}},"b":{"0":[15],"1":[2],"2":[14],"3":[15],"4":[1],"5":[16]},"fnMap":{},"f":{}}
,"/Users/soobin/soobin-ui/packages/components/Button/index.ts": {"path":"/Users/soobin/soobin-ui/packages/components/Button/index.ts","all":true,"statementMap":{"0":{"start":{"line":1,"column":0},"end":{"line":1,"column":34}},"1":{"start":{"line":2,"column":0},"end":{"line":2,"column":0}},"2":{"start":{"line":3,"column":0},"end":{"line":3,"column":49}},"3":{"start":{"line":4,"column":0},"end":{"line":4,"column":0}},"4":{"start":{"line":5,"column":0},"end":{"line":5,"column":45}}},"s":{"0":0,"1":0,"2":0,"3":0,"4":0},"branchMap":{"0":{"type":"branch","line":1,"loc":{"start":{"line":1,"column":132},"end":{"line":5,"column":45}},"locations":[{"start":{"line":1,"column":132},"end":{"line":5,"column":45}}]}},"b":{"0":[0]},"fnMap":{"0":{"name":"(empty-report)","decl":{"start":{"line":1,"column":132},"end":{"line":5,"column":45}},"loc":{"start":{"line":1,"column":132},"end":{"line":5,"column":45}},"line":1}},"f":{"0":0}}
}
